<?xml version="1.0" encoding="UTF-8"?>
<beans xmlns="https://www.springframework.org/schema/beans" xmlns:xsi="https://www.w3.org/2001/XMLSchema-instance"
	xsi:schemaLocation="https://www.springframework.org/schema/beans https://www.springframework.org/schema/beans/spring-beans.xsd">

	<import resource="classpath*:/META-INF/spring/batch/bootstrap/manager/env-context.xml" />
	<import resource="classpath*:/META-INF/spring/batch/bootstrap/manager/data-source-context.xml" />
	<import resource="classpath*:/META-INF/spring/batch/bootstrap/manager/execution-context.xml" />
	<import resource="classpath:/test-job-context.xml" />
	
	<bean class="org.springframework.batch.test.JobRepositoryTestUtils">
		<property name="dataSource" ref="dataSource" />
		<property name="jobRepository">
			<bean class="org.springframework.batch.core.repository.support.JobRepositoryFactoryBean">
				<property name="validateTransactionState" value="false"/>
				<property name="dataSource" ref="dataSource"/>
				<property name="transactionManager" ref="transactionManager"/>
			</bean>
		</property>
	</bean>

</beans>
